\BOOKMARK [1][-]{section.1}{\376\377\000I\000n\000t\000r\000o\000d\000u\000c\000t\000i\000o\000n}{}% 1
\BOOKMARK [1][-]{section.2}{\376\377\000B\000a\000c\000k\000g\000r\000o\000u\000n\000d\000:\000\040\000T\000h\000e\000\040\000I\000n\000d\000i\000a\000n\000\040\000L\000e\000g\000a\000l\000\040\000E\000c\000o\000s\000y\000s\000t\000e\000m}{}% 2
\BOOKMARK [1][-]{section.3}{\376\377\000P\000r\000e\000c\000e\000d\000e\000n\000t\000\040\000S\000e\000a\000r\000c\000h}{}% 3
\BOOKMARK [2][-]{subsection.3.1}{\376\377\000K\000e\000y\000w\000o\000r\000d\000-\000B\000a\000s\000e\000d\000\040\000a\000n\000d\000\040\000S\000p\000a\000r\000s\000e\000\040\000R\000e\000t\000r\000i\000e\000v\000a\000l}{section.3}% 4
\BOOKMARK [2][-]{subsection.3.2}{\376\377\000D\000e\000n\000s\000e\000\040\000R\000e\000t\000r\000i\000e\000v\000a\000l}{section.3}% 5
\BOOKMARK [2][-]{subsection.3.3}{\376\377\000D\000o\000m\000a\000i\000n\000-\000A\000d\000a\000p\000t\000e\000d\000\040\000M\000o\000d\000e\000l\000s\000\040\000f\000o\000r\000\040\000I\000n\000d\000i\000a\000n\000\040\000L\000e\000g\000a\000l\000\040\000R\000e\000t\000r\000i\000e\000v\000a\000l}{section.3}% 6
\BOOKMARK [2][-]{subsection.3.4}{\376\377\000R\000e\000t\000r\000i\000e\000v\000a\000l\000-\000A\000u\000g\000m\000e\000n\000t\000e\000d\000\040\000G\000e\000n\000e\000r\000a\000t\000i\000o\000n\000\040\000f\000o\000r\000\040\000L\000e\000g\000a\000l\000\040\000R\000e\000a\000s\000o\000n\000i\000n\000g}{section.3}% 7
\BOOKMARK [1][-]{section.4}{\376\377\000C\000a\000s\000e\000\040\000F\000a\000c\000t\000\040\000S\000t\000r\000u\000c\000t\000u\000r\000i\000n\000g}{}% 8
\BOOKMARK [2][-]{subsection.4.1}{\376\377\000L\000e\000g\000a\000l\000\040\000N\000a\000m\000e\000d\000\040\000E\000n\000t\000i\000t\000y\000\040\000R\000e\000c\000o\000g\000n\000i\000t\000i\000o\000n}{section.4}% 9
\BOOKMARK [2][-]{subsection.4.2}{\376\377\000R\000h\000e\000t\000o\000r\000i\000c\000a\000l\000\040\000R\000o\000l\000e\000\040\000C\000l\000a\000s\000s\000i\000f\000i\000c\000a\000t\000i\000o\000n}{section.4}% 10
\BOOKMARK [2][-]{subsection.4.3}{\376\377\000I\000P\000C\000\040\000S\000e\000c\000t\000i\000o\000n\000\040\000T\000a\000g\000g\000i\000n\000g\000\040\000a\000n\000d\000\040\000S\000t\000a\000t\000u\000t\000e\000\040\000L\000i\000n\000k\000i\000n\000g}{section.4}% 11
\BOOKMARK [1][-]{section.5}{\376\377\000A\000r\000g\000u\000m\000e\000n\000t\000\040\000G\000r\000a\000p\000h\000\040\000C\000o\000n\000s\000t\000r\000u\000c\000t\000i\000o\000n}{}% 12
\BOOKMARK [2][-]{subsection.5.1}{\376\377\000A\000r\000g\000u\000m\000e\000n\000t\000\040\000M\000i\000n\000i\000n\000g\000:\000\040\000F\000o\000u\000n\000d\000a\000t\000i\000o\000n\000s}{section.5}% 13
\BOOKMARK [2][-]{subsection.5.2}{\376\377\000A\000r\000g\000u\000m\000e\000n\000t\000\040\000S\000t\000r\000u\000c\000t\000u\000r\000e\000\040\000i\000n\000\040\000L\000e\000g\000a\000l\000\040\000C\000o\000r\000p\000o\000r\000a}{section.5}% 14
\BOOKMARK [2][-]{subsection.5.3}{\376\377\000T\000h\000e\000\040\000I\000n\000d\000i\000a\000n\000\040\000L\000e\000g\000a\000l\000\040\000G\000a\000p\000\040\000a\000n\000d\000\040\000G\000r\000a\000p\000h\000\040\000D\000a\000t\000a\000b\000a\000s\000e\000\040\000R\000e\000p\000r\000e\000s\000e\000n\000t\000a\000t\000i\000o\000n\000s}{section.5}% 15
\BOOKMARK [1][-]{section.6}{\376\377\000J\000u\000d\000i\000c\000i\000a\000l\000\040\000O\000u\000t\000c\000o\000m\000e\000\040\000S\000i\000m\000u\000l\000a\000t\000i\000o\000n}{}% 16
\BOOKMARK [2][-]{subsection.6.1}{\376\377\000C\000l\000a\000s\000s\000i\000c\000a\000l\000\040\000a\000n\000d\000\040\000E\000a\000r\000l\000y\000\040\000N\000e\000u\000r\000a\000l\000\040\000A\000p\000p\000r\000o\000a\000c\000h\000e\000s}{section.6}% 17
\BOOKMARK [2][-]{subsection.6.2}{\376\377\000T\000r\000a\000n\000s\000f\000o\000r\000m\000e\000r\000-\000B\000a\000s\000e\000d\000\040\000P\000r\000e\000d\000i\000c\000t\000i\000o\000n}{section.6}% 18
\BOOKMARK [2][-]{subsection.6.3}{\376\377\000E\000x\000p\000l\000a\000i\000n\000a\000b\000i\000l\000i\000t\000y\000\040\000a\000s\000\040\000a\000\040\000F\000i\000r\000s\000t\000-\000C\000l\000a\000s\000s\000\040\000R\000e\000q\000u\000i\000r\000e\000m\000e\000n\000t}{section.6}% 19
\BOOKMARK [2][-]{subsection.6.4}{\376\377\000L\000a\000r\000g\000e\000\040\000L\000a\000n\000g\000u\000a\000g\000e\000\040\000M\000o\000d\000e\000l\000s\000\040\000a\000n\000d\000\040\000t\000h\000e\000\040\000S\000c\000a\000l\000e\000\040\000F\000r\000o\000n\000t\000i\000e\000r}{section.6}% 20
\BOOKMARK [2][-]{subsection.6.5}{\376\377\000R\000e\000m\000a\000i\000n\000i\000n\000g\000\040\000L\000i\000m\000i\000t\000a\000t\000i\000o\000n\000s}{section.6}% 21
\BOOKMARK [1][-]{section.7}{\376\377\000W\000h\000a\000t\000-\000I\000f\000\040\000A\000n\000a\000l\000y\000s\000i\000s}{}% 22
\BOOKMARK [2][-]{subsection.7.1}{\376\377\000C\000o\000u\000n\000t\000e\000r\000f\000a\000c\000t\000u\000a\000l\000\040\000E\000x\000p\000l\000a\000n\000a\000t\000i\000o\000n\000\040\000i\000n\000\040\000N\000L\000P}{section.7}% 23
\BOOKMARK [2][-]{subsection.7.2}{\376\377\000X\000A\000I\000\040\000i\000n\000\040\000L\000e\000g\000a\000l\000\040\000D\000e\000c\000i\000s\000i\000o\000n\000-\000M\000a\000k\000i\000n\000g}{section.7}% 24
\BOOKMARK [2][-]{subsection.7.3}{\376\377\000T\000h\000e\000\040\000I\000n\000d\000i\000a\000n\000\040\000L\000e\000g\000a\000l\000\040\000G\000a\000p\000\040\000a\000n\000d\000\040\000P\000r\000a\000c\000t\000i\000c\000a\000l\000\040\000M\000o\000t\000i\000v\000a\000t\000i\000o\000n}{section.7}% 25
\BOOKMARK [1][-]{section.8}{\376\377\000D\000a\000t\000a\000s\000e\000t\000s}{}% 26
\BOOKMARK [1][-]{section.9}{\376\377\000E\000v\000a\000l\000u\000a\000t\000i\000o\000n\000\040\000M\000e\000t\000r\000i\000c\000s}{}% 27
\BOOKMARK [2][-]{subsection.9.1}{\376\377\000R\000e\000t\000r\000i\000e\000v\000a\000l\000\040\000M\000e\000t\000r\000i\000c\000s}{section.9}% 28
\BOOKMARK [2][-]{subsection.9.2}{\376\377\000C\000l\000a\000s\000s\000i\000f\000i\000c\000a\000t\000i\000o\000n\000,\000\040\000G\000e\000n\000e\000r\000a\000t\000i\000o\000n\000,\000\040\000a\000n\000d\000\040\000E\000x\000p\000l\000a\000i\000n\000a\000b\000i\000l\000i\000t\000y\000\040\000M\000e\000t\000r\000i\000c\000s}{section.9}% 29
\BOOKMARK [1][-]{section.10}{\376\377\000G\000a\000p\000s\000\040\000a\000n\000d\000\040\000C\000o\000n\000t\000r\000i\000b\000u\000t\000i\000o\000n}{}% 30
\BOOKMARK [1][-]{section.11}{\376\377\000E\000t\000h\000i\000c\000a\000l\000\040\000C\000o\000n\000s\000i\000d\000e\000r\000a\000t\000i\000o\000n\000s}{}% 31
\BOOKMARK [1][-]{section*.1}{\376\377\000R\000e\000f\000e\000r\000e\000n\000c\000e\000s}{}% 32
